Determining if the strlcpy exist failed with the following output:
Change Dir: /home/parallels/Desktop/Stock/node_modules/zeromq/build/libzmq-staging/build/CMakeFiles/CMakeTmp

Run Build Command(s):/usr/bin/gmake -f Makefile cmTC_364bf/fast && gmake[1]: Entering directory '/home/parallels/Desktop/Stock/node_modules/zeromq/build/libzmq-staging/build/CMakeFiles/CMakeTmp'
/usr/bin/gmake  -f CMakeFiles/cmTC_364bf.dir/build.make CMakeFiles/cmTC_364bf.dir/build
gmake[2]: Entering directory '/home/parallels/Desktop/Stock/node_modules/zeromq/build/libzmq-staging/build/CMakeFiles/CMakeTmp'
Building CXX object CMakeFiles/cmTC_364bf.dir/CheckSymbolExists.cxx.o
/usr/bin/c++   -std=c++11 -Wno-tautological-constant-compare  -o CMakeFiles/cmTC_364bf.dir/CheckSymbolExists.cxx.o -c /home/parallels/Desktop/Stock/node_modules/zeromq/build/libzmq-staging/build/CMakeFiles/CMakeTmp/CheckSymbolExists.cxx
/home/parallels/Desktop/Stock/node_modules/zeromq/build/libzmq-staging/build/CMakeFiles/CMakeTmp/CheckSymbolExists.cxx: In function ‘int main(int, char**)’:
/home/parallels/Desktop/Stock/node_modules/zeromq/build/libzmq-staging/build/CMakeFiles/CMakeTmp/CheckSymbolExists.cxx:8:19: error: ‘strlcpy’ was not declared in this scope; did you mean ‘strncpy’?
    8 |   return ((int*)(&strlcpy))[argc];
      |                   ^~~~~~~
      |                   strncpy
At global scope:
cc1plus: note: unrecognized command-line option ‘-Wno-tautological-constant-compare’ may have been intended to silence earlier diagnostics
gmake[2]: *** [CMakeFiles/cmTC_364bf.dir/build.make:78: CMakeFiles/cmTC_364bf.dir/CheckSymbolExists.cxx.o] Error 1
gmake[2]: Leaving directory '/home/parallels/Desktop/Stock/node_modules/zeromq/build/libzmq-staging/build/CMakeFiles/CMakeTmp'
gmake[1]: *** [Makefile:127: cmTC_364bf/fast] Error 2
gmake[1]: Leaving directory '/home/parallels/Desktop/Stock/node_modules/zeromq/build/libzmq-staging/build/CMakeFiles/CMakeTmp'


File /home/parallels/Desktop/Stock/node_modules/zeromq/build/libzmq-staging/build/CMakeFiles/CMakeTmp/CheckSymbolExists.cxx:
/* */
#include <string.h>

int main(int argc, char** argv)
{
  (void)argv;
#ifndef strlcpy
  return ((int*)(&strlcpy))[argc];
#else
  (void)argc;
  return 0;
#endif
}
Determining if the kqueue exist failed with the following output:
Change Dir: /home/parallels/Desktop/Stock/node_modules/zeromq/build/libzmq-staging/build/CMakeFiles/CMakeTmp

Run Build Command(s):/usr/bin/gmake -f Makefile cmTC_820a2/fast && gmake[1]: Entering directory '/home/parallels/Desktop/Stock/node_modules/zeromq/build/libzmq-staging/build/CMakeFiles/CMakeTmp'
/usr/bin/gmake  -f CMakeFiles/cmTC_820a2.dir/build.make CMakeFiles/cmTC_820a2.dir/build
gmake[2]: Entering directory '/home/parallels/Desktop/Stock/node_modules/zeromq/build/libzmq-staging/build/CMakeFiles/CMakeTmp'
Building CXX object CMakeFiles/cmTC_820a2.dir/CheckSymbolExists.cxx.o
/usr/bin/c++   -std=c++11 -Wno-tautological-constant-compare  -o CMakeFiles/cmTC_820a2.dir/CheckSymbolExists.cxx.o -c /home/parallels/Desktop/Stock/node_modules/zeromq/build/libzmq-staging/build/CMakeFiles/CMakeTmp/CheckSymbolExists.cxx
/home/parallels/Desktop/Stock/node_modules/zeromq/build/libzmq-staging/build/CMakeFiles/CMakeTmp/CheckSymbolExists.cxx:2:10: fatal error: sys/event.h: No such file or directory
    2 | #include <sys/event.h>
      |          ^~~~~~~~~~~~~
compilation terminated.
gmake[2]: *** [CMakeFiles/cmTC_820a2.dir/build.make:78: CMakeFiles/cmTC_820a2.dir/CheckSymbolExists.cxx.o] Error 1
gmake[2]: Leaving directory '/home/parallels/Desktop/Stock/node_modules/zeromq/build/libzmq-staging/build/CMakeFiles/CMakeTmp'
gmake[1]: *** [Makefile:127: cmTC_820a2/fast] Error 2
gmake[1]: Leaving directory '/home/parallels/Desktop/Stock/node_modules/zeromq/build/libzmq-staging/build/CMakeFiles/CMakeTmp'


File /home/parallels/Desktop/Stock/node_modules/zeromq/build/libzmq-staging/build/CMakeFiles/CMakeTmp/CheckSymbolExists.cxx:
/* */
#include <sys/event.h>

int main(int argc, char** argv)
{
  (void)argv;
#ifndef kqueue
  return ((int*)(&kqueue))[argc];
#else
  (void)argc;
  return 0;
#endif
}
Determining if files windows.h exist failed with the following output:
Change Dir: /home/parallels/Desktop/Stock/node_modules/zeromq/build/libzmq-staging/build/CMakeFiles/CMakeTmp

Run Build Command(s):/usr/bin/gmake -f Makefile cmTC_774c2/fast && gmake[1]: Entering directory '/home/parallels/Desktop/Stock/node_modules/zeromq/build/libzmq-staging/build/CMakeFiles/CMakeTmp'
/usr/bin/gmake  -f CMakeFiles/cmTC_774c2.dir/build.make CMakeFiles/cmTC_774c2.dir/build
gmake[2]: Entering directory '/home/parallels/Desktop/Stock/node_modules/zeromq/build/libzmq-staging/build/CMakeFiles/CMakeTmp'
Building C object CMakeFiles/cmTC_774c2.dir/ZMQ_HAVE_WINDOWS.c.o
/usr/bin/cc   -std=c11 -Wno-tautological-constant-compare  -o CMakeFiles/cmTC_774c2.dir/ZMQ_HAVE_WINDOWS.c.o -c /home/parallels/Desktop/Stock/node_modules/zeromq/build/libzmq-staging/build/CMakeFiles/CheckIncludeFiles/ZMQ_HAVE_WINDOWS.c
/home/parallels/Desktop/Stock/node_modules/zeromq/build/libzmq-staging/build/CMakeFiles/CheckIncludeFiles/ZMQ_HAVE_WINDOWS.c:2:10: fatal error: windows.h: No such file or directory
    2 | #include <windows.h>
      |          ^~~~~~~~~~~
compilation terminated.
gmake[2]: *** [CMakeFiles/cmTC_774c2.dir/build.make:78: CMakeFiles/cmTC_774c2.dir/ZMQ_HAVE_WINDOWS.c.o] Error 1
gmake[2]: Leaving directory '/home/parallels/Desktop/Stock/node_modules/zeromq/build/libzmq-staging/build/CMakeFiles/CMakeTmp'
gmake[1]: *** [Makefile:127: cmTC_774c2/fast] Error 2
gmake[1]: Leaving directory '/home/parallels/Desktop/Stock/node_modules/zeromq/build/libzmq-staging/build/CMakeFiles/CMakeTmp'


Source:
/* */
#include <windows.h>


int main(void){return 0;}

Determining if the LOCAL_PEERCRED exist failed with the following output:
Change Dir: /home/parallels/Desktop/Stock/node_modules/zeromq/build/libzmq-staging/build/CMakeFiles/CMakeTmp

Run Build Command(s):/usr/bin/gmake -f Makefile cmTC_66a48/fast && gmake[1]: Entering directory '/home/parallels/Desktop/Stock/node_modules/zeromq/build/libzmq-staging/build/CMakeFiles/CMakeTmp'
/usr/bin/gmake  -f CMakeFiles/cmTC_66a48.dir/build.make CMakeFiles/cmTC_66a48.dir/build
gmake[2]: Entering directory '/home/parallels/Desktop/Stock/node_modules/zeromq/build/libzmq-staging/build/CMakeFiles/CMakeTmp'
Building CXX object CMakeFiles/cmTC_66a48.dir/CheckSymbolExists.cxx.o
/usr/bin/c++   -std=c++11 -Wno-tautological-constant-compare  -o CMakeFiles/cmTC_66a48.dir/CheckSymbolExists.cxx.o -c /home/parallels/Desktop/Stock/node_modules/zeromq/build/libzmq-staging/build/CMakeFiles/CMakeTmp/CheckSymbolExists.cxx
/home/parallels/Desktop/Stock/node_modules/zeromq/build/libzmq-staging/build/CMakeFiles/CMakeTmp/CheckSymbolExists.cxx: In function ‘int main(int, char**)’:
/home/parallels/Desktop/Stock/node_modules/zeromq/build/libzmq-staging/build/CMakeFiles/CMakeTmp/CheckSymbolExists.cxx:8:19: error: ‘LOCAL_PEERCRED’ was not declared in this scope; did you mean ‘SO_PEERCRED’?
    8 |   return ((int*)(&LOCAL_PEERCRED))[argc];
      |                   ^~~~~~~~~~~~~~
      |                   SO_PEERCRED
At global scope:
cc1plus: note: unrecognized command-line option ‘-Wno-tautological-constant-compare’ may have been intended to silence earlier diagnostics
gmake[2]: *** [CMakeFiles/cmTC_66a48.dir/build.make:78: CMakeFiles/cmTC_66a48.dir/CheckSymbolExists.cxx.o] Error 1
gmake[2]: Leaving directory '/home/parallels/Desktop/Stock/node_modules/zeromq/build/libzmq-staging/build/CMakeFiles/CMakeTmp'
gmake[1]: *** [Makefile:127: cmTC_66a48/fast] Error 2
gmake[1]: Leaving directory '/home/parallels/Desktop/Stock/node_modules/zeromq/build/libzmq-staging/build/CMakeFiles/CMakeTmp'


File /home/parallels/Desktop/Stock/node_modules/zeromq/build/libzmq-staging/build/CMakeFiles/CMakeTmp/CheckSymbolExists.cxx:
/* */
#include <sys/socket.h>

int main(int argc, char** argv)
{
  (void)argv;
#ifndef LOCAL_PEERCRED
  return ((int*)(&LOCAL_PEERCRED))[argc];
#else
  (void)argc;
  return 0;
#endif
}
Determining if the gethrtime exist failed with the following output:
Change Dir: /home/parallels/Desktop/Stock/node_modules/zeromq/build/libzmq-staging/build/CMakeFiles/CMakeTmp

Run Build Command(s):/usr/bin/gmake -f Makefile cmTC_dba4e/fast && gmake[1]: Entering directory '/home/parallels/Desktop/Stock/node_modules/zeromq/build/libzmq-staging/build/CMakeFiles/CMakeTmp'
/usr/bin/gmake  -f CMakeFiles/cmTC_dba4e.dir/build.make CMakeFiles/cmTC_dba4e.dir/build
gmake[2]: Entering directory '/home/parallels/Desktop/Stock/node_modules/zeromq/build/libzmq-staging/build/CMakeFiles/CMakeTmp'
Building CXX object CMakeFiles/cmTC_dba4e.dir/CheckSymbolExists.cxx.o
/usr/bin/c++   -std=c++11 -Wno-tautological-constant-compare  -o CMakeFiles/cmTC_dba4e.dir/CheckSymbolExists.cxx.o -c /home/parallels/Desktop/Stock/node_modules/zeromq/build/libzmq-staging/build/CMakeFiles/CMakeTmp/CheckSymbolExists.cxx
/home/parallels/Desktop/Stock/node_modules/zeromq/build/libzmq-staging/build/CMakeFiles/CMakeTmp/CheckSymbolExists.cxx: In function ‘int main(int, char**)’:
/home/parallels/Desktop/Stock/node_modules/zeromq/build/libzmq-staging/build/CMakeFiles/CMakeTmp/CheckSymbolExists.cxx:8:19: error: ‘gethrtime’ was not declared in this scope; did you mean ‘getitimer’?
    8 |   return ((int*)(&gethrtime))[argc];
      |                   ^~~~~~~~~
      |                   getitimer
At global scope:
cc1plus: note: unrecognized command-line option ‘-Wno-tautological-constant-compare’ may have been intended to silence earlier diagnostics
gmake[2]: *** [CMakeFiles/cmTC_dba4e.dir/build.make:78: CMakeFiles/cmTC_dba4e.dir/CheckSymbolExists.cxx.o] Error 1
gmake[2]: Leaving directory '/home/parallels/Desktop/Stock/node_modules/zeromq/build/libzmq-staging/build/CMakeFiles/CMakeTmp'
gmake[1]: *** [Makefile:127: cmTC_dba4e/fast] Error 2
gmake[1]: Leaving directory '/home/parallels/Desktop/Stock/node_modules/zeromq/build/libzmq-staging/build/CMakeFiles/CMakeTmp'


File /home/parallels/Desktop/Stock/node_modules/zeromq/build/libzmq-staging/build/CMakeFiles/CMakeTmp/CheckSymbolExists.cxx:
/* */
#include <sys/time.h>

int main(int argc, char** argv)
{
  (void)argv;
#ifndef gethrtime
  return ((int*)(&gethrtime))[argc];
#else
  (void)argc;
  return 0;
#endif
}
Performing C++ SOURCE FILE Test HAVE_FLAG_-Wall failed with the following output:
Change Dir: /home/parallels/Desktop/Stock/node_modules/zeromq/build/libzmq-staging/build/CMakeFiles/CMakeTmp

Run Build Command(s):/usr/bin/gmake -f Makefile cmTC_19ca9/fast && gmake[1]: Entering directory '/home/parallels/Desktop/Stock/node_modules/zeromq/build/libzmq-staging/build/CMakeFiles/CMakeTmp'
/usr/bin/gmake  -f CMakeFiles/cmTC_19ca9.dir/build.make CMakeFiles/cmTC_19ca9.dir/build
gmake[2]: Entering directory '/home/parallels/Desktop/Stock/node_modules/zeromq/build/libzmq-staging/build/CMakeFiles/CMakeTmp'
Building CXX object CMakeFiles/cmTC_19ca9.dir/src.cxx.o
/usr/bin/c++   -std=c++11 -Wno-tautological-constant-compare    -DHAVE_FLAG_-Wall -Wall -o CMakeFiles/cmTC_19ca9.dir/src.cxx.o -c /home/parallels/Desktop/Stock/node_modules/zeromq/build/libzmq-staging/build/CMakeFiles/CMakeTmp/src.cxx
<command-line>: warning: ISO C++11 requires whitespace after the macro name
cc1plus: note: unrecognized command-line option '-Wno-tautological-constant-compare' may have been intended to silence earlier diagnostics
Linking CXX executable cmTC_19ca9
/usr/bin/cmake -E cmake_link_script CMakeFiles/cmTC_19ca9.dir/link.txt --verbose=1
/usr/bin/c++  -std=c++11 -Wno-tautological-constant-compare  -rdynamic CMakeFiles/cmTC_19ca9.dir/src.cxx.o -o cmTC_19ca9 
gmake[2]: Leaving directory '/home/parallels/Desktop/Stock/node_modules/zeromq/build/libzmq-staging/build/CMakeFiles/CMakeTmp'
gmake[1]: Leaving directory '/home/parallels/Desktop/Stock/node_modules/zeromq/build/libzmq-staging/build/CMakeFiles/CMakeTmp'


Source file was:
int main() { return 0; }
Performing C++ SOURCE FILE Test HAVE_FLAG_-Wextra failed with the following output:
Change Dir: /home/parallels/Desktop/Stock/node_modules/zeromq/build/libzmq-staging/build/CMakeFiles/CMakeTmp

Run Build Command(s):/usr/bin/gmake -f Makefile cmTC_52265/fast && gmake[1]: Entering directory '/home/parallels/Desktop/Stock/node_modules/zeromq/build/libzmq-staging/build/CMakeFiles/CMakeTmp'
/usr/bin/gmake  -f CMakeFiles/cmTC_52265.dir/build.make CMakeFiles/cmTC_52265.dir/build
gmake[2]: Entering directory '/home/parallels/Desktop/Stock/node_modules/zeromq/build/libzmq-staging/build/CMakeFiles/CMakeTmp'
Building CXX object CMakeFiles/cmTC_52265.dir/src.cxx.o
/usr/bin/c++   -std=c++11 -Wno-tautological-constant-compare    -DHAVE_FLAG_-Wextra -Wextra -o CMakeFiles/cmTC_52265.dir/src.cxx.o -c /home/parallels/Desktop/Stock/node_modules/zeromq/build/libzmq-staging/build/CMakeFiles/CMakeTmp/src.cxx
<command-line>: warning: ISO C++11 requires whitespace after the macro name
cc1plus: note: unrecognized command-line option '-Wno-tautological-constant-compare' may have been intended to silence earlier diagnostics
Linking CXX executable cmTC_52265
/usr/bin/cmake -E cmake_link_script CMakeFiles/cmTC_52265.dir/link.txt --verbose=1
/usr/bin/c++  -std=c++11 -Wno-tautological-constant-compare  -rdynamic CMakeFiles/cmTC_52265.dir/src.cxx.o -o cmTC_52265 
gmake[2]: Leaving directory '/home/parallels/Desktop/Stock/node_modules/zeromq/build/libzmq-staging/build/CMakeFiles/CMakeTmp'
gmake[1]: Leaving directory '/home/parallels/Desktop/Stock/node_modules/zeromq/build/libzmq-staging/build/CMakeFiles/CMakeTmp'


Source file was:
int main() { return 0; }
Performing C++ SOURCE FILE Test HAVE_FLAG_-Wno-long-long failed with the following output:
Change Dir: /home/parallels/Desktop/Stock/node_modules/zeromq/build/libzmq-staging/build/CMakeFiles/CMakeTmp

Run Build Command(s):/usr/bin/gmake -f Makefile cmTC_9d5fa/fast && gmake[1]: Entering directory '/home/parallels/Desktop/Stock/node_modules/zeromq/build/libzmq-staging/build/CMakeFiles/CMakeTmp'
/usr/bin/gmake  -f CMakeFiles/cmTC_9d5fa.dir/build.make CMakeFiles/cmTC_9d5fa.dir/build
gmake[2]: Entering directory '/home/parallels/Desktop/Stock/node_modules/zeromq/build/libzmq-staging/build/CMakeFiles/CMakeTmp'
Building CXX object CMakeFiles/cmTC_9d5fa.dir/src.cxx.o
/usr/bin/c++   -std=c++11 -Wno-tautological-constant-compare    -DHAVE_FLAG_-Wno-long-long -Wno-long-long -o CMakeFiles/cmTC_9d5fa.dir/src.cxx.o -c /home/parallels/Desktop/Stock/node_modules/zeromq/build/libzmq-staging/build/CMakeFiles/CMakeTmp/src.cxx
<command-line>: warning: ISO C++11 requires whitespace after the macro name
cc1plus: note: unrecognized command-line option '-Wno-tautological-constant-compare' may have been intended to silence earlier diagnostics
Linking CXX executable cmTC_9d5fa
/usr/bin/cmake -E cmake_link_script CMakeFiles/cmTC_9d5fa.dir/link.txt --verbose=1
/usr/bin/c++  -std=c++11 -Wno-tautological-constant-compare  -rdynamic CMakeFiles/cmTC_9d5fa.dir/src.cxx.o -o cmTC_9d5fa 
gmake[2]: Leaving directory '/home/parallels/Desktop/Stock/node_modules/zeromq/build/libzmq-staging/build/CMakeFiles/CMakeTmp'
gmake[1]: Leaving directory '/home/parallels/Desktop/Stock/node_modules/zeromq/build/libzmq-staging/build/CMakeFiles/CMakeTmp'


Source file was:
int main() { return 0; }
Performing C++ SOURCE FILE Test HAVE_FLAG_-Wno-uninitialized failed with the following output:
Change Dir: /home/parallels/Desktop/Stock/node_modules/zeromq/build/libzmq-staging/build/CMakeFiles/CMakeTmp

Run Build Command(s):/usr/bin/gmake -f Makefile cmTC_ba4a2/fast && gmake[1]: Entering directory '/home/parallels/Desktop/Stock/node_modules/zeromq/build/libzmq-staging/build/CMakeFiles/CMakeTmp'
/usr/bin/gmake  -f CMakeFiles/cmTC_ba4a2.dir/build.make CMakeFiles/cmTC_ba4a2.dir/build
gmake[2]: Entering directory '/home/parallels/Desktop/Stock/node_modules/zeromq/build/libzmq-staging/build/CMakeFiles/CMakeTmp'
Building CXX object CMakeFiles/cmTC_ba4a2.dir/src.cxx.o
/usr/bin/c++   -std=c++11 -Wno-tautological-constant-compare    -DHAVE_FLAG_-Wno-uninitialized -Wno-uninitialized -o CMakeFiles/cmTC_ba4a2.dir/src.cxx.o -c /home/parallels/Desktop/Stock/node_modules/zeromq/build/libzmq-staging/build/CMakeFiles/CMakeTmp/src.cxx
<command-line>: warning: ISO C++11 requires whitespace after the macro name
cc1plus: note: unrecognized command-line option '-Wno-tautological-constant-compare' may have been intended to silence earlier diagnostics
Linking CXX executable cmTC_ba4a2
/usr/bin/cmake -E cmake_link_script CMakeFiles/cmTC_ba4a2.dir/link.txt --verbose=1
/usr/bin/c++  -std=c++11 -Wno-tautological-constant-compare  -rdynamic CMakeFiles/cmTC_ba4a2.dir/src.cxx.o -o cmTC_ba4a2 
gmake[2]: Leaving directory '/home/parallels/Desktop/Stock/node_modules/zeromq/build/libzmq-staging/build/CMakeFiles/CMakeTmp'
gmake[1]: Leaving directory '/home/parallels/Desktop/Stock/node_modules/zeromq/build/libzmq-staging/build/CMakeFiles/CMakeTmp'


Source file was:
int main() { return 0; }
Performing C++ SOURCE FILE Test HAVE_FLAG_-pedantic failed with the following output:
Change Dir: /home/parallels/Desktop/Stock/node_modules/zeromq/build/libzmq-staging/build/CMakeFiles/CMakeTmp

Run Build Command(s):/usr/bin/gmake -f Makefile cmTC_b540b/fast && gmake[1]: Entering directory '/home/parallels/Desktop/Stock/node_modules/zeromq/build/libzmq-staging/build/CMakeFiles/CMakeTmp'
/usr/bin/gmake  -f CMakeFiles/cmTC_b540b.dir/build.make CMakeFiles/cmTC_b540b.dir/build
gmake[2]: Entering directory '/home/parallels/Desktop/Stock/node_modules/zeromq/build/libzmq-staging/build/CMakeFiles/CMakeTmp'
Building CXX object CMakeFiles/cmTC_b540b.dir/src.cxx.o
/usr/bin/c++   -std=c++11 -Wno-tautological-constant-compare    -DHAVE_FLAG_-pedantic -pedantic -o CMakeFiles/cmTC_b540b.dir/src.cxx.o -c /home/parallels/Desktop/Stock/node_modules/zeromq/build/libzmq-staging/build/CMakeFiles/CMakeTmp/src.cxx
<command-line>: warning: ISO C++11 requires whitespace after the macro name
cc1plus: note: unrecognized command-line option '-Wno-tautological-constant-compare' may have been intended to silence earlier diagnostics
Linking CXX executable cmTC_b540b
/usr/bin/cmake -E cmake_link_script CMakeFiles/cmTC_b540b.dir/link.txt --verbose=1
/usr/bin/c++  -std=c++11 -Wno-tautological-constant-compare  -rdynamic CMakeFiles/cmTC_b540b.dir/src.cxx.o -o cmTC_b540b 
gmake[2]: Leaving directory '/home/parallels/Desktop/Stock/node_modules/zeromq/build/libzmq-staging/build/CMakeFiles/CMakeTmp'
gmake[1]: Leaving directory '/home/parallels/Desktop/Stock/node_modules/zeromq/build/libzmq-staging/build/CMakeFiles/CMakeTmp'


Source file was:
int main() { return 0; }
Performing C SOURCE FILE Test ZMQ_HAVE_O_CLOEXEC failed with the following compile output:
Change Dir: /home/parallels/Desktop/Stock/node_modules/zeromq/build/libzmq-staging/build/CMakeFiles/CMakeTmp

Run Build Command(s):/usr/bin/gmake -f Makefile cmTC_cfc98/fast && gmake[1]: Entering directory '/home/parallels/Desktop/Stock/node_modules/zeromq/build/libzmq-staging/build/CMakeFiles/CMakeTmp'
/usr/bin/gmake  -f CMakeFiles/cmTC_cfc98.dir/build.make CMakeFiles/cmTC_cfc98.dir/build
gmake[2]: Entering directory '/home/parallels/Desktop/Stock/node_modules/zeromq/build/libzmq-staging/build/CMakeFiles/CMakeTmp'
Building C object CMakeFiles/cmTC_cfc98.dir/src.c.o
/usr/bin/cc -DZMQ_HAVE_O_CLOEXEC  -std=c11 -Wno-tautological-constant-compare  -o CMakeFiles/cmTC_cfc98.dir/src.c.o -c /home/parallels/Desktop/Stock/node_modules/zeromq/build/libzmq-staging/build/CMakeFiles/CMakeTmp/src.c
/home/parallels/Desktop/Stock/node_modules/zeromq/build/libzmq-staging/build/CMakeFiles/CMakeTmp/src.c: In function ‘main’:
/home/parallels/Desktop/Stock/node_modules/zeromq/build/libzmq-staging/build/CMakeFiles/CMakeTmp/src.c:8:32: error: ‘O_CLOEXEC’ undeclared (first use in this function); did you mean ‘FD_CLOEXEC’?
    8 |     int s = open ("/dev/null", O_CLOEXEC | O_RDONLY);
      |                                ^~~~~~~~~
      |                                FD_CLOEXEC
/home/parallels/Desktop/Stock/node_modules/zeromq/build/libzmq-staging/build/CMakeFiles/CMakeTmp/src.c:8:32: note: each undeclared identifier is reported only once for each function it appears in
/home/parallels/Desktop/Stock/node_modules/zeromq/build/libzmq-staging/build/CMakeFiles/CMakeTmp/src.c: At top level:
cc1: note: unrecognized command-line option ‘-Wno-tautological-constant-compare’ may have been intended to silence earlier diagnostics
gmake[2]: *** [CMakeFiles/cmTC_cfc98.dir/build.make:78: CMakeFiles/cmTC_cfc98.dir/src.c.o] Error 1
gmake[2]: Leaving directory '/home/parallels/Desktop/Stock/node_modules/zeromq/build/libzmq-staging/build/CMakeFiles/CMakeTmp'
gmake[1]: *** [Makefile:127: cmTC_cfc98/fast] Error 2
gmake[1]: Leaving directory '/home/parallels/Desktop/Stock/node_modules/zeromq/build/libzmq-staging/build/CMakeFiles/CMakeTmp'


...and run output:

Return value: 1
Source file was:

#include <sys/types.h>
#include <sys/stat.h>
#include <fcntl.h>

int main(int argc, char *argv [])
{
    int s = open ("/dev/null", O_CLOEXEC | O_RDONLY);
    return s == -1;
}

Performing C SOURCE FILE Test ZMQ_HAVE_SO_BINDTODEVICE failed with the following compile output:
Change Dir: /home/parallels/Desktop/Stock/node_modules/zeromq/build/libzmq-staging/build/CMakeFiles/CMakeTmp

Run Build Command(s):/usr/bin/gmake -f Makefile cmTC_5dbe2/fast && gmake[1]: Entering directory '/home/parallels/Desktop/Stock/node_modules/zeromq/build/libzmq-staging/build/CMakeFiles/CMakeTmp'
/usr/bin/gmake  -f CMakeFiles/cmTC_5dbe2.dir/build.make CMakeFiles/cmTC_5dbe2.dir/build
gmake[2]: Entering directory '/home/parallels/Desktop/Stock/node_modules/zeromq/build/libzmq-staging/build/CMakeFiles/CMakeTmp'
Building C object CMakeFiles/cmTC_5dbe2.dir/src.c.o
/usr/bin/cc -DZMQ_HAVE_SO_BINDTODEVICE  -std=c11 -Wno-tautological-constant-compare  -o CMakeFiles/cmTC_5dbe2.dir/src.c.o -c /home/parallels/Desktop/Stock/node_modules/zeromq/build/libzmq-staging/build/CMakeFiles/CMakeTmp/src.c
Linking C executable cmTC_5dbe2
/usr/bin/cmake -E cmake_link_script CMakeFiles/cmTC_5dbe2.dir/link.txt --verbose=1
/usr/bin/cc  -std=c11 -Wno-tautological-constant-compare  -rdynamic CMakeFiles/cmTC_5dbe2.dir/src.c.o -o cmTC_5dbe2 
gmake[2]: Leaving directory '/home/parallels/Desktop/Stock/node_modules/zeromq/build/libzmq-staging/build/CMakeFiles/CMakeTmp'
gmake[1]: Leaving directory '/home/parallels/Desktop/Stock/node_modules/zeromq/build/libzmq-staging/build/CMakeFiles/CMakeTmp'


...and run output:

Return value: 1
Source file was:

#include <sys/socket.h>

int main(int argc, char *argv [])
{
/* Actually making the setsockopt() call requires CAP_NET_RAW */
#ifndef SO_BINDTODEVICE
    return 1;
#else
    return 0;
#endif
}

Performing C SOURCE FILE Test ZMQ_HAVE_SO_PRIORITY failed with the following compile output:
Change Dir: /home/parallels/Desktop/Stock/node_modules/zeromq/build/libzmq-staging/build/CMakeFiles/CMakeTmp

Run Build Command(s):/usr/bin/gmake -f Makefile cmTC_9835d/fast && gmake[1]: Entering directory '/home/parallels/Desktop/Stock/node_modules/zeromq/build/libzmq-staging/build/CMakeFiles/CMakeTmp'
/usr/bin/gmake  -f CMakeFiles/cmTC_9835d.dir/build.make CMakeFiles/cmTC_9835d.dir/build
gmake[2]: Entering directory '/home/parallels/Desktop/Stock/node_modules/zeromq/build/libzmq-staging/build/CMakeFiles/CMakeTmp'
Building C object CMakeFiles/cmTC_9835d.dir/src.c.o
/usr/bin/cc -DZMQ_HAVE_SO_PRIORITY  -std=c11 -Wno-tautological-constant-compare  -o CMakeFiles/cmTC_9835d.dir/src.c.o -c /home/parallels/Desktop/Stock/node_modules/zeromq/build/libzmq-staging/build/CMakeFiles/CMakeTmp/src.c
/home/parallels/Desktop/Stock/node_modules/zeromq/build/libzmq-staging/build/CMakeFiles/CMakeTmp/src.c: In function ‘main’:
/home/parallels/Desktop/Stock/node_modules/zeromq/build/libzmq-staging/build/CMakeFiles/CMakeTmp/src.c:10:43: error: ‘SO_PRIORITY’ undeclared (first use in this function)
   10 |         ((rc = setsockopt (s, SOL_SOCKET, SO_PRIORITY, (char*) &opt, sizeof (int))) == -1)
      |                                           ^~~~~~~~~~~
/home/parallels/Desktop/Stock/node_modules/zeromq/build/libzmq-staging/build/CMakeFiles/CMakeTmp/src.c:10:43: note: each undeclared identifier is reported only once for each function it appears in
/home/parallels/Desktop/Stock/node_modules/zeromq/build/libzmq-staging/build/CMakeFiles/CMakeTmp/src.c: At top level:
cc1: note: unrecognized command-line option ‘-Wno-tautological-constant-compare’ may have been intended to silence earlier diagnostics
gmake[2]: *** [CMakeFiles/cmTC_9835d.dir/build.make:78: CMakeFiles/cmTC_9835d.dir/src.c.o] Error 1
gmake[2]: Leaving directory '/home/parallels/Desktop/Stock/node_modules/zeromq/build/libzmq-staging/build/CMakeFiles/CMakeTmp'
gmake[1]: *** [Makefile:127: cmTC_9835d/fast] Error 2
gmake[1]: Leaving directory '/home/parallels/Desktop/Stock/node_modules/zeromq/build/libzmq-staging/build/CMakeFiles/CMakeTmp'


...and run output:

Return value: 1
Source file was:

#include <sys/types.h>
#include <sys/socket.h>

int main (int argc, char *argv [])
{
    int s, rc, opt = 1;
    return (
        ((s = socket (PF_INET, SOCK_STREAM, 0)) == -1) ||
        ((rc = setsockopt (s, SOL_SOCKET, SO_PRIORITY, (char*) &opt, sizeof (int))) == -1)
    );
}

Performing C SOURCE FILE Test ZMQ_HAVE_TCP_KEEPALIVE failed with the following compile output:
Change Dir: /home/parallels/Desktop/Stock/node_modules/zeromq/build/libzmq-staging/build/CMakeFiles/CMakeTmp

Run Build Command(s):/usr/bin/gmake -f Makefile cmTC_3a3f8/fast && gmake[1]: Entering directory '/home/parallels/Desktop/Stock/node_modules/zeromq/build/libzmq-staging/build/CMakeFiles/CMakeTmp'
/usr/bin/gmake  -f CMakeFiles/cmTC_3a3f8.dir/build.make CMakeFiles/cmTC_3a3f8.dir/build
gmake[2]: Entering directory '/home/parallels/Desktop/Stock/node_modules/zeromq/build/libzmq-staging/build/CMakeFiles/CMakeTmp'
Building C object CMakeFiles/cmTC_3a3f8.dir/src.c.o
/usr/bin/cc -DZMQ_HAVE_TCP_KEEPALIVE  -std=c11 -Wno-tautological-constant-compare  -o CMakeFiles/cmTC_3a3f8.dir/src.c.o -c /home/parallels/Desktop/Stock/node_modules/zeromq/build/libzmq-staging/build/CMakeFiles/CMakeTmp/src.c
/home/parallels/Desktop/Stock/node_modules/zeromq/build/libzmq-staging/build/CMakeFiles/CMakeTmp/src.c: In function ‘main’:
/home/parallels/Desktop/Stock/node_modules/zeromq/build/libzmq-staging/build/CMakeFiles/CMakeTmp/src.c:13:42: error: ‘TCP_KEEPALIVE’ undeclared (first use in this function); did you mean ‘SO_KEEPALIVE’?
   13 |        ((rc = setsockopt(s, IPPROTO_TCP, TCP_KEEPALIVE,(char*) &opt, sizeof(int))) == -1)
      |                                          ^~~~~~~~~~~~~
      |                                          SO_KEEPALIVE
/home/parallels/Desktop/Stock/node_modules/zeromq/build/libzmq-staging/build/CMakeFiles/CMakeTmp/src.c:13:42: note: each undeclared identifier is reported only once for each function it appears in
/home/parallels/Desktop/Stock/node_modules/zeromq/build/libzmq-staging/build/CMakeFiles/CMakeTmp/src.c: At top level:
cc1: note: unrecognized command-line option ‘-Wno-tautological-constant-compare’ may have been intended to silence earlier diagnostics
gmake[2]: *** [CMakeFiles/cmTC_3a3f8.dir/build.make:78: CMakeFiles/cmTC_3a3f8.dir/src.c.o] Error 1
gmake[2]: Leaving directory '/home/parallels/Desktop/Stock/node_modules/zeromq/build/libzmq-staging/build/CMakeFiles/CMakeTmp'
gmake[1]: *** [Makefile:127: cmTC_3a3f8/fast] Error 2
gmake[1]: Leaving directory '/home/parallels/Desktop/Stock/node_modules/zeromq/build/libzmq-staging/build/CMakeFiles/CMakeTmp'


...and run output:

Return value: 1
Source file was:

#include <sys/types.h>
#include <sys/socket.h>
#include <netinet/in.h>
#include <netinet/tcp.h>

int main(int argc, char *argv [])
{
    int s, rc, opt = 1;
    return(
       ((s = socket(PF_INET, SOCK_STREAM, 0)) == -1) ||
       ((rc = setsockopt(s, SOL_SOCKET, SO_KEEPALIVE,(char*) &opt, sizeof(int))) == -1) ||
       ((rc = setsockopt(s, IPPROTO_TCP, TCP_KEEPALIVE,(char*) &opt, sizeof(int))) == -1)
    );
}

Performing C SOURCE FILE Test ZMQ_HAVE_PTHREAD_SETNAME_1 failed with the following compile output:
Change Dir: /home/parallels/Desktop/Stock/node_modules/zeromq/build/libzmq-staging/build/CMakeFiles/CMakeTmp

Run Build Command(s):/usr/bin/gmake -f Makefile cmTC_69475/fast && gmake[1]: Entering directory '/home/parallels/Desktop/Stock/node_modules/zeromq/build/libzmq-staging/build/CMakeFiles/CMakeTmp'
/usr/bin/gmake  -f CMakeFiles/cmTC_69475.dir/build.make CMakeFiles/cmTC_69475.dir/build
gmake[2]: Entering directory '/home/parallels/Desktop/Stock/node_modules/zeromq/build/libzmq-staging/build/CMakeFiles/CMakeTmp'
Building C object CMakeFiles/cmTC_69475.dir/src.c.o
/usr/bin/cc -DZMQ_HAVE_PTHREAD_SETNAME_1  -std=c11 -Wno-tautological-constant-compare -D_GNU_SOURCE -Werror -pthread -o CMakeFiles/cmTC_69475.dir/src.c.o -c /home/parallels/Desktop/Stock/node_modules/zeromq/build/libzmq-staging/build/CMakeFiles/CMakeTmp/src.c
/home/parallels/Desktop/Stock/node_modules/zeromq/build/libzmq-staging/build/CMakeFiles/CMakeTmp/src.c: In function ‘main’:
/home/parallels/Desktop/Stock/node_modules/zeromq/build/libzmq-staging/build/CMakeFiles/CMakeTmp/src.c:6:25: error: passing argument 1 of ‘pthread_setname_np’ makes integer from pointer without a cast [-Werror=int-conversion]
    6 |     pthread_setname_np ("foo");
      |                         ^~~~~
      |                         |
      |                         char *
In file included from /home/parallels/Desktop/Stock/node_modules/zeromq/build/libzmq-staging/build/CMakeFiles/CMakeTmp/src.c:2:
/usr/include/pthread.h:463:42: note: expected ‘pthread_t’ {aka ‘long unsigned int’} but argument is of type ‘char *’
  463 | extern int pthread_setname_np (pthread_t __target_thread, const char *__name)
      |                                ~~~~~~~~~~^~~~~~~~~~~~~~~
/home/parallels/Desktop/Stock/node_modules/zeromq/build/libzmq-staging/build/CMakeFiles/CMakeTmp/src.c:6:5: error: too few arguments to function ‘pthread_setname_np’
    6 |     pthread_setname_np ("foo");
      |     ^~~~~~~~~~~~~~~~~~
In file included from /home/parallels/Desktop/Stock/node_modules/zeromq/build/libzmq-staging/build/CMakeFiles/CMakeTmp/src.c:2:
/usr/include/pthread.h:463:12: note: declared here
  463 | extern int pthread_setname_np (pthread_t __target_thread, const char *__name)
      |            ^~~~~~~~~~~~~~~~~~
/home/parallels/Desktop/Stock/node_modules/zeromq/build/libzmq-staging/build/CMakeFiles/CMakeTmp/src.c: At top level:
cc1: note: unrecognized command-line option ‘-Wno-tautological-constant-compare’ may have been intended to silence earlier diagnostics
cc1: all warnings being treated as errors
gmake[2]: *** [CMakeFiles/cmTC_69475.dir/build.make:78: CMakeFiles/cmTC_69475.dir/src.c.o] Error 1
gmake[2]: Leaving directory '/home/parallels/Desktop/Stock/node_modules/zeromq/build/libzmq-staging/build/CMakeFiles/CMakeTmp'
gmake[1]: *** [Makefile:127: cmTC_69475/fast] Error 2
gmake[1]: Leaving directory '/home/parallels/Desktop/Stock/node_modules/zeromq/build/libzmq-staging/build/CMakeFiles/CMakeTmp'


...and run output:

Return value: 1
Source file was:

#include <pthread.h>

int main(int argc, char *argv [])
{
    pthread_setname_np ("foo");
    return 0;
}

Performing C SOURCE FILE Test ZMQ_HAVE_PTHREAD_SETNAME_3 failed with the following compile output:
Change Dir: /home/parallels/Desktop/Stock/node_modules/zeromq/build/libzmq-staging/build/CMakeFiles/CMakeTmp

Run Build Command(s):/usr/bin/gmake -f Makefile cmTC_05329/fast && gmake[1]: Entering directory '/home/parallels/Desktop/Stock/node_modules/zeromq/build/libzmq-staging/build/CMakeFiles/CMakeTmp'
/usr/bin/gmake  -f CMakeFiles/cmTC_05329.dir/build.make CMakeFiles/cmTC_05329.dir/build
gmake[2]: Entering directory '/home/parallels/Desktop/Stock/node_modules/zeromq/build/libzmq-staging/build/CMakeFiles/CMakeTmp'
Building C object CMakeFiles/cmTC_05329.dir/src.c.o
/usr/bin/cc -DZMQ_HAVE_PTHREAD_SETNAME_3  -std=c11 -Wno-tautological-constant-compare -D_GNU_SOURCE -Werror -pthread -o CMakeFiles/cmTC_05329.dir/src.c.o -c /home/parallels/Desktop/Stock/node_modules/zeromq/build/libzmq-staging/build/CMakeFiles/CMakeTmp/src.c
/home/parallels/Desktop/Stock/node_modules/zeromq/build/libzmq-staging/build/CMakeFiles/CMakeTmp/src.c: In function ‘main’:
/home/parallels/Desktop/Stock/node_modules/zeromq/build/libzmq-staging/build/CMakeFiles/CMakeTmp/src.c:6:5: error: too many arguments to function ‘pthread_setname_np’
    6 |     pthread_setname_np (pthread_self(), "foo", (void *)0);
      |     ^~~~~~~~~~~~~~~~~~
In file included from /home/parallels/Desktop/Stock/node_modules/zeromq/build/libzmq-staging/build/CMakeFiles/CMakeTmp/src.c:2:
/usr/include/pthread.h:463:12: note: declared here
  463 | extern int pthread_setname_np (pthread_t __target_thread, const char *__name)
      |            ^~~~~~~~~~~~~~~~~~
/home/parallels/Desktop/Stock/node_modules/zeromq/build/libzmq-staging/build/CMakeFiles/CMakeTmp/src.c: At top level:
cc1: note: unrecognized command-line option ‘-Wno-tautological-constant-compare’ may have been intended to silence earlier diagnostics
gmake[2]: *** [CMakeFiles/cmTC_05329.dir/build.make:78: CMakeFiles/cmTC_05329.dir/src.c.o] Error 1
gmake[2]: Leaving directory '/home/parallels/Desktop/Stock/node_modules/zeromq/build/libzmq-staging/build/CMakeFiles/CMakeTmp'
gmake[1]: *** [Makefile:127: cmTC_05329/fast] Error 2
gmake[1]: Leaving directory '/home/parallels/Desktop/Stock/node_modules/zeromq/build/libzmq-staging/build/CMakeFiles/CMakeTmp'


...and run output:

Return value: 1
Source file was:

#include <pthread.h>

int main(int argc, char *argv [])
{
    pthread_setname_np (pthread_self(), "foo", (void *)0);
    return 0;
}

Performing C SOURCE FILE Test ZMQ_HAVE_PTHREAD_SET_NAME failed with the following compile output:
Change Dir: /home/parallels/Desktop/Stock/node_modules/zeromq/build/libzmq-staging/build/CMakeFiles/CMakeTmp

Run Build Command(s):/usr/bin/gmake -f Makefile cmTC_787ab/fast && gmake[1]: Entering directory '/home/parallels/Desktop/Stock/node_modules/zeromq/build/libzmq-staging/build/CMakeFiles/CMakeTmp'
/usr/bin/gmake  -f CMakeFiles/cmTC_787ab.dir/build.make CMakeFiles/cmTC_787ab.dir/build
gmake[2]: Entering directory '/home/parallels/Desktop/Stock/node_modules/zeromq/build/libzmq-staging/build/CMakeFiles/CMakeTmp'
Building C object CMakeFiles/cmTC_787ab.dir/src.c.o
/usr/bin/cc -DZMQ_HAVE_PTHREAD_SET_NAME  -std=c11 -Wno-tautological-constant-compare -D_GNU_SOURCE -Werror -pthread -o CMakeFiles/cmTC_787ab.dir/src.c.o -c /home/parallels/Desktop/Stock/node_modules/zeromq/build/libzmq-staging/build/CMakeFiles/CMakeTmp/src.c
/home/parallels/Desktop/Stock/node_modules/zeromq/build/libzmq-staging/build/CMakeFiles/CMakeTmp/src.c: In function ‘main’:
/home/parallels/Desktop/Stock/node_modules/zeromq/build/libzmq-staging/build/CMakeFiles/CMakeTmp/src.c:6:5: error: implicit declaration of function ‘pthread_set_name_np’; did you mean ‘pthread_setname_np’? [-Werror=implicit-function-declaration]
    6 |     pthread_set_name_np (pthread_self(), "foo");
      |     ^~~~~~~~~~~~~~~~~~~
      |     pthread_setname_np
/home/parallels/Desktop/Stock/node_modules/zeromq/build/libzmq-staging/build/CMakeFiles/CMakeTmp/src.c: At top level:
cc1: note: unrecognized command-line option ‘-Wno-tautological-constant-compare’ may have been intended to silence earlier diagnostics
cc1: all warnings being treated as errors
gmake[2]: *** [CMakeFiles/cmTC_787ab.dir/build.make:78: CMakeFiles/cmTC_787ab.dir/src.c.o] Error 1
gmake[2]: Leaving directory '/home/parallels/Desktop/Stock/node_modules/zeromq/build/libzmq-staging/build/CMakeFiles/CMakeTmp'
gmake[1]: *** [Makefile:127: cmTC_787ab/fast] Error 2
gmake[1]: Leaving directory '/home/parallels/Desktop/Stock/node_modules/zeromq/build/libzmq-staging/build/CMakeFiles/CMakeTmp'


...and run output:

Return value: 1
Source file was:

#include <pthread.h>

int main(int argc, char *argv [])
{
    pthread_set_name_np (pthread_self(), "foo");
    return 0;
}

